
Worksheet3 start here:

 1000  who
 1001  cd cs131/
 1002  mkdir Worksheet3
 1003  ls Assignment2
 1004  cp Assignment2/Global\ YouTube\ Statistics.csv Worksheet3/
 1005  ls Worksheet3
 1006  cd Worksheet3
 1007  touch ws3.txt
 1008  echo -e "## Task1:\n" >> ws3.txt 
 1009  cut -d',' -f2,7,15 Global\ YouTube\ Statistics.csv
 1010  cut -d',' -f2,8,16 Global\ YouTube\ Statistics.csv
 1011  man sort
 1012  man cut
 1013  man sed
 1014  grep ',United States,' Global\ YouTube\ Statistics.csv
 1015  grep -a ',United States,' Global\ YouTube\ Statistics.csv
 1016  man awk
 1017  sed '/!,United States,/ d' Global\ YouTube\ Statistics.csv
 1018  grep -a ',United States,' Global\ YouTube\ Statistics.csv | cut -d',' -f16


 1019  grep -a ',United States,' Global\ YouTube\ Statistics.csv | cut -d',' -f16 | sort -nr | head -n 1 >> ws3.txt
 1020  echo -e "The highest monthly earning is 920000\n\n" >> ws3.txt
 1021  grep -a ',United States,' Global\ YouTube\ Statistics.csv | awk -F, '$16 == 9200000' Global\ YouTube\ Statistics.csv >> ws3.txt
 1022  echo -e "\nThe highest monthly earner is DaFuq\!\?Boom\! in United States.\n\n\n" >> ws3.txt 


 1023  echo -e "1.2 Find country is United Kingdom:\n\noutput:" >> ws3.txt 
 1024  grep -a ',United Kingdom,' Global\ YouTube\ Statistics.csv | cut -d',' -f16 | sort -nr | head -n 1 >> ws3.txt
 1025  echo -e "The highest monthly earning is 2000000\n\noutput:" >> ws3.txt 
 1026  grep -a ',United Kingdom,' Global\ YouTube\ Statistics.csv | awk -F, '$16 == 2000000' >> ws3.txt
 1027  echo -e "\nThe highest monthly earner is Woody & Kleiny in United Kingdom.\n\n\n" >> ws3.txt 


 1028  echo -e "1.3 Find country is India:\n\noutput:" >> ws3.txt 
 1029  grep -a ',India,' Global\ YouTube\ Statistics.csv | cut -d',' -f16 | sort -nr | head -n 1 >> ws3.txt
 1030  echo -e "The highest monthly earning is 9000000\n\noutput:" >> ws3.txt 
 1031  grep -a ',India,' Global\ YouTube\ Statistics.csv | awk -F, '$16 == 9000000' >> ws3.txt
 1032  echo -e "\nThe highest monthly earner is T-Series in India.\n\n\n" >> ws3.txt


 1033  echo -e "## Task2:\n\n2.1 Find category is Sports:\n\noutput:" >> ws3.txt 
 1034  grep -a ',Sports,' Global\ YouTube\ Statistics.csv | cut -d',' -f3 | sort -nr | head -n 1 >> ws3.txt
 1035  echo -e "The highest subscribers number is 96000000\n\noutput:" >> ws3.txt 
 1036  grep -a ',Sports,' Global\ YouTube\ Statistics.csv | awk -F, '$3 == 96000000' >> ws3.txt
 1037  echo -e "\nThe highest subscribed channel title is WWE in Sports.\n\n\n" >> ws3.txt 


 1038  echo -e "2.2 Find category is Education:\n\noutput:" >> ws3.txt 
 1039  grep -a ',Education,' Global\ YouTube\ Statistics.csv | cut -d',' -f3 | sort -nr | head -n 1 >> ws3.txt
 1040  echo -e "The highest subscribers number is 162000000\n\noutput:" >> ws3.txt
 1041  grep -a ',Education,' Global\ YouTube\ Statistics.csv | awk -F, '$3 == 162000000' >> ws3.txt
 1042  echo -e "\nThe highest subscribed channel title is Cocomelon - Nursery Rhymes in Education.\n\n\n" >> ws3.txt


 1043  echo -e "2.3 Find category is Entertainment:\n\noutput:" >> ws3.txt
 1044  grep -a ',Entertainment,' Global\ YouTube\ Statistics.csv | cut -d',' -f3 | sort -nr | head -n 1 >> ws3.txt
 1045  echo -e "The highest subscribers number is 166000000\n\noutput:" >> ws3.txt
 1046  grep -a ',Entertainment,' Global\ YouTube\ Statistics.csv | awk -F, '$3 == 166000000' >> ws3.txt
 1047  echo -e "\nThe highest subscribed channel title is MrBeast in Entertainment.\n\n\n" >> ws3.txt
 1048  vi ws3.txt 
 1049  history | tail -n 150 > cmds.log
